Removed Pin From Net: NetName=NetR5_1 Pin=U1-4
Removed Pin From Net: NetName=NetR6_1 Pin=U1-5
Removed Pin From Net: NetName=NetR7_1 Pin=U1-6
Removed Pin From Net: NetName=NetR8_1 Pin=U1-7
Removed Pin From Net: NetName=Netata80 7seg_1 Pin=U2-4
Removed Pin From Net: NetName=Netata80 7seg_10 Pin=U2-5
Removed Pin From Net: NetName=Netata80 7seg_5 Pin=U2-6
Removed Pin From Net: NetName=Netata80 7seg_3 Pin=U2-7
Change Component Footprint: Designator=R1 Old Footprint=C1206 New Footprint=6-0805_N
Change Component Footprint: Designator=R2 Old Footprint=C1206 New Footprint=6-0805_N
Change Component Footprint: Designator=R3 Old Footprint=C1206 New Footprint=6-0805_N
Change Component Footprint: Designator=R4 Old Footprint=C1206 New Footprint=6-0805_N
Change Component Footprint: Designator=R5 Old Footprint=C1206 New Footprint=6-0805_N
Change Component Footprint: Designator=R6 Old Footprint=C1206 New Footprint=6-0805_N
Change Component Footprint: Designator=R7 Old Footprint=C1206 New Footprint=6-0805_N
Change Component Footprint: Designator=R8 Old Footprint=C1206 New Footprint=6-0805_N
Added Pin To Net: NetName=Netata80 7seg_1 Pin=R5-2
Added Pin To Net: NetName=Netata80 7seg_10 Pin=R6-2
Added Pin To Net: NetName=Netata80 7seg_5 Pin=R7-2
Added Pin To Net: NetName=Netata80 7seg_3 Pin=R8-2
Added Pin To Net: NetName=NetR5_1 Pin=U2-4
Added Pin To Net: NetName=NetR6_1 Pin=U2-5
Added Pin To Net: NetName=NetR7_1 Pin=U2-6
Added Pin To Net: NetName=NetR8_1 Pin=U2-7
Added Member To Class: ClassName=display Member=Component R8 Res2
Added Room: Name=display
